Thu Dec 29 14:03:28 2016 [24650][-none-][FATAL] SECURITY: User authentication for amir failed
Thu Dec 29 14:03:28 2016 [24650][-none-][FATAL] FAILED LOGIN:attempts[1] - amir
Thu Dec 29 14:03:33 2016 [24683][-none-][FATAL] SECURITY: User authentication for amir failed
Thu Dec 29 14:03:33 2016 [24683][-none-][FATAL] FAILED LOGIN:attempts[2] - amir
Thu Dec 29 14:04:22 2016 [25056][-none-][FATAL] SECURITY: User authentication for admin failed
Thu Dec 29 14:04:22 2016 [25056][-none-][FATAL] FAILED LOGIN:attempts[1] - admin
Fri Dec 30 05:56:10 2016 [505426][1][FATAL] Chiper text must be a string
Fri Dec 30 05:56:10 2016 [505426][1][FATAL] Chiper text must be a string
Fri Dec 30 05:56:10 2016 [505426][1][FATAL] Chiper text must be a string
Fri Dec 30 05:56:10 2016 [505426][1][FATAL] Chiper text must be a string
Fri Dec 30 05:56:11 2016 [505434][-none-][FATAL] Chiper text must be a string
Fri Dec 30 05:56:11 2016 [505434][1][FATAL] Chiper text must be a string
Fri Dec 30 05:56:11 2016 [505434][1][FATAL] Chiper text must be a string
Fri Dec 30 05:56:11 2016 [505434][1][FATAL] Chiper text must be a string
Fri Dec 30 05:56:12 2016 [505465][-none-][FATAL] Chiper text must be a string
Fri Dec 30 05:56:12 2016 [505465][1][FATAL] Chiper text must be a string
Fri Dec 30 06:10:38 2016 [514289][-none-][FATAL] Chiper text must be a string
Fri Dec 30 06:10:38 2016 [514289][1][FATAL] Chiper text must be a string
Fri Dec 30 06:10:38 2016 [514289][1][FATAL] Chiper text must be a string
Fri Dec 30 06:10:38 2016 [514289][1][FATAL] Chiper text must be a string
Fri Dec 30 06:10:38 2016 [514289][1][FATAL] Chiper text must be a string
Fri Dec 30 06:11:07 2016 [514579][-none-][FATAL] Chiper text must be a string
Fri Dec 30 06:11:07 2016 [514579][1][FATAL] Chiper text must be a string
Fri Dec 30 06:11:07 2016 [514579][1][FATAL] Chiper text must be a string
Fri Dec 30 06:11:07 2016 [514579][1][FATAL] Chiper text must be a string
Fri Dec 30 06:11:07 2016 [514579][1][FATAL] Chiper text must be a string
Fri Dec 30 06:11:07 2016 [514579][1][FATAL] Chiper text must be a string
Fri Dec 30 06:11:07 2016 [514579][1][FATAL] Chiper text must be a string
Fri Dec 30 06:12:09 2016 [515240][-none-][FATAL] Chiper text must be a string
Fri Dec 30 06:12:09 2016 [515240][1][FATAL] Chiper text must be a string
Fri Dec 30 06:12:09 2016 [515240][1][FATAL] Chiper text must be a string
Fri Dec 30 06:12:09 2016 [515240][1][FATAL] Chiper text must be a string
Fri Dec 30 06:12:10 2016 [515240][1][FATAL] Chiper text must be a string
Fri Dec 30 06:12:10 2016 [515240][1][FATAL] Chiper text must be a string
Fri Dec 30 06:12:10 2016 [515240][1][FATAL] Chiper text must be a string
Fri Dec 30 06:12:10 2016 [515240][1][FATAL] Chiper text must be a string
Fri Dec 30 06:12:12 2016 [515240][1][FATAL] SMTP -> ERROR:Password not accepted from server. Code: 535 Reply: 535 Incorrect authentication data
 
Fri Dec 30 06:12:12 2016 [515240][1][FATAL] SMTP -> ERROR: RCPT not accepted from server. Code: 550 Reply: 550 Authentication failed
 
Fri Dec 30 06:12:12 2016 [515240][1][FATAL] SugarPHPMailer encountered an error: SMTP Error: The following recipients failed: islam@heavenhotel.com.pk
Fri Dec 30 06:12:13 2016 [515261][-none-][FATAL] Chiper text must be a string
Fri Dec 30 06:12:13 2016 [515261][1][FATAL] Chiper text must be a string
Fri Dec 30 06:12:13 2016 [515261][1][FATAL] Chiper text must be a string
Fri Dec 30 06:12:13 2016 [515261][1][FATAL] Chiper text must be a string
Fri Dec 30 06:12:13 2016 [515261][1][FATAL] Chiper text must be a string
Fri Dec 30 06:12:13 2016 [515261][1][FATAL] Chiper text must be a string
Fri Dec 30 06:12:13 2016 [515261][1][FATAL] Chiper text must be a string
Fri Dec 30 06:12:13 2016 [515261][1][FATAL] Chiper text must be a string
Fri Dec 30 06:12:13 2016 [515261][1][FATAL] Chiper text must be a string
Fri Dec 30 06:12:13 2016 [515261][1][FATAL] Chiper text must be a string
Fri Dec 30 06:12:13 2016 [515261][1][FATAL] Chiper text must be a string
Fri Dec 30 06:13:09 2016 [515831][-none-][FATAL] Chiper text must be a string
Fri Dec 30 06:13:09 2016 [515831][1][FATAL] Chiper text must be a string
Fri Dec 30 06:13:09 2016 [515831][1][FATAL] Chiper text must be a string
Fri Dec 30 06:13:09 2016 [515831][1][FATAL] Chiper text must be a string
Fri Dec 30 06:13:09 2016 [515831][1][FATAL] Chiper text must be a string
Fri Dec 30 06:13:09 2016 [515831][1][FATAL] Chiper text must be a string
Fri Dec 30 06:13:09 2016 [515831][1][FATAL] Chiper text must be a string
Fri Dec 30 06:13:28 2016 [516043][-none-][FATAL] Chiper text must be a string
Fri Dec 30 06:13:28 2016 [516043][1][FATAL] Chiper text must be a string
Fri Dec 30 06:13:28 2016 [516043][1][FATAL] Chiper text must be a string
Fri Dec 30 06:13:28 2016 [516043][1][FATAL] Chiper text must be a string
Fri Dec 30 06:13:28 2016 [516043][1][FATAL] Chiper text must be a string
Fri Dec 30 06:13:29 2016 [516052][-none-][FATAL] Chiper text must be a string
Fri Dec 30 06:13:29 2016 [516052][1][FATAL] Chiper text must be a string
Fri Dec 30 06:13:29 2016 [516052][1][FATAL] Chiper text must be a string
Fri Dec 30 06:13:29 2016 [516052][1][FATAL] Chiper text must be a string
Fri Dec 30 06:13:29 2016 [516052][1][FATAL] Chiper text must be a string
Fri Dec 30 06:13:29 2016 [516052][1][FATAL] Chiper text must be a string
Fri Dec 30 06:13:29 2016 [516052][1][FATAL] Chiper text must be a string
Fri Dec 30 06:13:29 2016 [516052][1][FATAL] Chiper text must be a string
Fri Dec 30 06:13:40 2016 [516194][-none-][FATAL] Chiper text must be a string
Fri Dec 30 06:13:40 2016 [516194][1][FATAL] Chiper text must be a string
Fri Dec 30 06:13:40 2016 [516194][1][FATAL] Chiper text must be a string
Fri Dec 30 06:13:40 2016 [516194][1][FATAL] Chiper text must be a string
Fri Dec 30 06:13:40 2016 [516194][1][FATAL] Chiper text must be a string
Fri Dec 30 06:13:40 2016 [516194][1][FATAL] Chiper text must be a string
Fri Dec 30 06:13:40 2016 [516194][1][FATAL] Chiper text must be a string
Fri Dec 30 06:14:27 2016 [516646][-none-][FATAL] Chiper text must be a string
Fri Dec 30 06:14:28 2016 [516646][1][FATAL] Chiper text must be a string
Fri Dec 30 06:14:28 2016 [516646][1][FATAL] Chiper text must be a string
Fri Dec 30 06:14:28 2016 [516646][1][FATAL] Chiper text must be a string
Fri Dec 30 06:14:28 2016 [516646][1][FATAL] Chiper text must be a string
Fri Dec 30 06:14:28 2016 [516646][1][FATAL] Chiper text must be a string
Fri Dec 30 06:14:28 2016 [516646][1][FATAL] Chiper text must be a string
Fri Dec 30 06:14:28 2016 [516646][1][FATAL] Chiper text must be a string
Fri Dec 30 06:14:30 2016 [516646][1][FATAL] SMTP -> ERROR:Password not accepted from server. Code: 535 Reply: 535 Incorrect authentication data
 
Fri Dec 30 06:14:30 2016 [516646][1][FATAL] SMTP -> ERROR: RCPT not accepted from server. Code: 550 Reply: 550 Authentication failed
 
Fri Dec 30 06:14:30 2016 [516646][1][FATAL] SugarPHPMailer encountered an error: SMTP Error: The following recipients failed: wahid@heavenhotel.com.pk
Fri Dec 30 06:14:30 2016 [516672][-none-][FATAL] Chiper text must be a string
Fri Dec 30 06:14:30 2016 [516672][1][FATAL] Chiper text must be a string
Fri Dec 30 06:14:30 2016 [516672][1][FATAL] Chiper text must be a string
Fri Dec 30 06:14:31 2016 [516672][1][FATAL] Chiper text must be a string
Fri Dec 30 06:14:31 2016 [516672][1][FATAL] Chiper text must be a string
Fri Dec 30 06:14:31 2016 [516672][1][FATAL] Chiper text must be a string
Fri Dec 30 06:14:31 2016 [516672][1][FATAL] Chiper text must be a string
Fri Dec 30 06:14:31 2016 [516672][1][FATAL] Chiper text must be a string
Fri Dec 30 06:14:31 2016 [516672][1][FATAL] Chiper text must be a string
Fri Dec 30 06:14:31 2016 [516672][1][FATAL] Chiper text must be a string
Fri Dec 30 06:14:31 2016 [516672][1][FATAL] Chiper text must be a string
Fri Dec 30 06:15:05 2016 [517149][-none-][FATAL] Chiper text must be a string
Fri Dec 30 06:15:05 2016 [517149][1][FATAL] Chiper text must be a string
Fri Dec 30 06:15:05 2016 [517149][1][FATAL] Chiper text must be a string
Fri Dec 30 06:15:05 2016 [517149][1][FATAL] Chiper text must be a string
Fri Dec 30 06:15:05 2016 [517149][1][FATAL] Chiper text must be a string
Fri Dec 30 06:15:38 2016 [517437][-none-][FATAL] Chiper text must be a string
Fri Dec 30 06:15:38 2016 [517437][1][FATAL] Chiper text must be a string
Fri Dec 30 06:15:38 2016 [517437][1][FATAL] Chiper text must be a string
Fri Dec 30 06:15:38 2016 [517437][1][FATAL] Chiper text must be a string
Fri Dec 30 06:15:38 2016 [517437][1][FATAL] Chiper text must be a string
Fri Dec 30 06:15:38 2016 [517437][1][FATAL] Chiper text must be a string
Fri Dec 30 06:15:38 2016 [517437][1][FATAL] Chiper text must be a string
Fri Dec 30 06:15:42 2016 [517471][-none-][FATAL] Chiper text must be a string
Fri Dec 30 06:15:42 2016 [517471][1][FATAL] Chiper text must be a string
Fri Dec 30 06:15:42 2016 [517471][1][FATAL] Chiper text must be a string
Fri Dec 30 06:15:42 2016 [517471][1][FATAL] Chiper text must be a string
Fri Dec 30 06:15:57 2016 [517615][-none-][FATAL] Chiper text must be a string
Fri Dec 30 06:15:57 2016 [517615][1][FATAL] Chiper text must be a string
Fri Dec 30 06:15:57 2016 [517615][1][FATAL] Chiper text must be a string
Fri Dec 30 06:15:57 2016 [517615][1][FATAL] Chiper text must be a string
Fri Dec 30 06:15:57 2016 [517615][1][FATAL] Chiper text must be a string
Fri Dec 30 06:15:57 2016 [517615][1][FATAL] Chiper text must be a string
Fri Dec 30 06:16:41 2016 [518179][-none-][FATAL] Chiper text must be a string
Fri Dec 30 06:16:41 2016 [518179][1][FATAL] Chiper text must be a string
Fri Dec 30 06:16:41 2016 [518179][1][FATAL] Chiper text must be a string
Fri Dec 30 06:16:41 2016 [518179][1][FATAL] Chiper text must be a string
Fri Dec 30 06:16:42 2016 [518179][1][FATAL] Chiper text must be a string
Fri Dec 30 06:16:42 2016 [518179][1][FATAL] Chiper text must be a string
Fri Dec 30 06:16:42 2016 [518179][1][FATAL] Chiper text must be a string
Fri Dec 30 06:16:43 2016 [518193][-none-][FATAL] Chiper text must be a string
Fri Dec 30 06:16:43 2016 [518193][1][FATAL] Chiper text must be a string
Fri Dec 30 06:16:43 2016 [518193][1][FATAL] Chiper text must be a string
Fri Dec 30 06:16:43 2016 [518193][1][FATAL] Chiper text must be a string
Fri Dec 30 06:16:49 2016 [518267][-none-][FATAL] Chiper text must be a string
Fri Dec 30 06:16:49 2016 [518267][1][FATAL] Chiper text must be a string
Fri Dec 30 06:16:49 2016 [518267][1][FATAL] Chiper text must be a string
Fri Dec 30 06:16:49 2016 [518267][1][FATAL] Chiper text must be a string
Fri Dec 30 06:16:49 2016 [518267][1][FATAL] Chiper text must be a string
Fri Dec 30 06:16:50 2016 [518274][-none-][FATAL] Chiper text must be a string
Fri Dec 30 06:16:50 2016 [518274][1][FATAL] Chiper text must be a string
Fri Dec 30 06:16:55 2016 [518316][-none-][FATAL] Chiper text must be a string
Fri Dec 30 06:16:55 2016 [518316][1][FATAL] Chiper text must be a string
Fri Dec 30 06:16:55 2016 [518316][1][FATAL] Chiper text must be a string
Fri Dec 30 06:16:55 2016 [518316][1][FATAL] Chiper text must be a string
Fri Dec 30 06:17:09 2016 [518454][-none-][FATAL] Chiper text must be a string
Fri Dec 30 06:17:09 2016 [518454][1][FATAL] Chiper text must be a string
Fri Dec 30 06:17:09 2016 [518454][1][FATAL] Chiper text must be a string
Fri Dec 30 06:17:09 2016 [518454][1][FATAL] Chiper text must be a string
Fri Dec 30 06:17:10 2016 [518457][-none-][FATAL] Chiper text must be a string
Fri Dec 30 06:17:10 2016 [518457][1][FATAL] Chiper text must be a string
Fri Dec 30 06:17:10 2016 [518457][1][FATAL] Chiper text must be a string
Fri Dec 30 06:17:10 2016 [518457][1][FATAL] Chiper text must be a string
Fri Dec 30 06:17:10 2016 [518457][1][FATAL] Chiper text must be a string
Fri Dec 30 06:33:18 2016 [529207][-none-][FATAL] Chiper text must be a string
Fri Dec 30 06:33:18 2016 [529207][1][FATAL] Chiper text must be a string
Fri Dec 30 06:33:18 2016 [529207][1][FATAL] Chiper text must be a string
Fri Dec 30 06:33:18 2016 [529207][1][FATAL] Chiper text must be a string
Fri Dec 30 06:33:21 2016 [529229][-none-][FATAL] Chiper text must be a string
Fri Dec 30 06:33:21 2016 [529229][1][FATAL] Chiper text must be a string
Fri Dec 30 06:33:21 2016 [529229][1][FATAL] Chiper text must be a string
Fri Dec 30 06:33:21 2016 [529229][1][FATAL] Chiper text must be a string
Fri Dec 30 06:33:21 2016 [529229][1][FATAL] Chiper text must be a string
Fri Dec 30 06:36:24 2016 [531229][-none-][FATAL] Chiper text must be a string
Fri Dec 30 06:36:24 2016 [531229][1][FATAL] Chiper text must be a string
Fri Dec 30 06:36:24 2016 [531229][1][FATAL] Chiper text must be a string
Fri Dec 30 06:36:30 2016 [531284][-none-][FATAL] Chiper text must be a string
Fri Dec 30 06:36:30 2016 [531284][1][FATAL] Chiper text must be a string
Fri Dec 30 06:36:30 2016 [531284][1][FATAL] Chiper text must be a string
Fri Dec 30 06:36:30 2016 [531284][1][FATAL] Chiper text must be a string
Fri Dec 30 06:36:38 2016 [531363][-none-][FATAL] Chiper text must be a string
Fri Dec 30 06:36:39 2016 [531363][1][FATAL] Chiper text must be a string
Fri Dec 30 06:36:39 2016 [531363][1][FATAL] Chiper text must be a string
Fri Dec 30 06:36:46 2016 [531444][-none-][FATAL] Chiper text must be a string
Fri Dec 30 06:36:46 2016 [531444][1][FATAL] Chiper text must be a string
Fri Dec 30 06:36:46 2016 [531444][1][FATAL] Chiper text must be a string
Fri Dec 30 06:36:46 2016 [531444][1][FATAL] Chiper text must be a string
Fri Dec 30 06:37:23 2016 [531899][-none-][FATAL] Chiper text must be a string
Fri Dec 30 06:37:23 2016 [531899][1][FATAL] Chiper text must be a string
Fri Dec 30 06:37:23 2016 [531899][1][FATAL] Chiper text must be a string
Fri Dec 30 06:37:30 2016 [531974][-none-][FATAL] Chiper text must be a string
Fri Dec 30 06:37:30 2016 [531974][1][FATAL] Chiper text must be a string
Fri Dec 30 06:37:30 2016 [531974][1][FATAL] Chiper text must be a string
Fri Dec 30 06:37:30 2016 [531974][1][FATAL] Chiper text must be a string
Fri Dec 30 06:37:43 2016 [532119][-none-][FATAL] Chiper text must be a string
Fri Dec 30 06:37:43 2016 [532119][1][FATAL] Chiper text must be a string
Fri Dec 30 06:37:43 2016 [532119][1][FATAL] Chiper text must be a string
Fri Dec 30 06:37:51 2016 [532211][-none-][FATAL] Chiper text must be a string
Fri Dec 30 06:37:51 2016 [532211][1][FATAL] Chiper text must be a string
Fri Dec 30 06:37:51 2016 [532211][1][FATAL] Chiper text must be a string
Fri Dec 30 06:37:51 2016 [532211][1][FATAL] Chiper text must be a string
Fri Dec 30 06:38:00 2016 [532303][-none-][FATAL] Chiper text must be a string
Fri Dec 30 06:38:00 2016 [532303][1][FATAL] Chiper text must be a string
Fri Dec 30 06:38:00 2016 [532303][1][FATAL] Chiper text must be a string
Fri Dec 30 06:38:00 2016 [532303][1][FATAL] Chiper text must be a string
Fri Dec 30 06:38:00 2016 [532303][1][FATAL] Chiper text must be a string
Fri Dec 30 06:39:07 2016 [533065][-none-][FATAL] Chiper text must be a string
Fri Dec 30 06:39:07 2016 [533065][1][FATAL] Chiper text must be a string
Fri Dec 30 06:39:07 2016 [533065][1][FATAL] Chiper text must be a string
Fri Dec 30 06:39:07 2016 [533065][1][FATAL] Chiper text must be a string
Fri Dec 30 06:39:07 2016 [533065][1][FATAL] Chiper text must be a string
Fri Dec 30 06:39:16 2016 [533164][-none-][FATAL] Chiper text must be a string
Fri Dec 30 06:39:16 2016 [533164][1][FATAL] Chiper text must be a string
Fri Dec 30 06:39:16 2016 [533164][1][FATAL] Chiper text must be a string
Fri Dec 30 06:39:16 2016 [533164][1][FATAL] Chiper text must be a string
Fri Dec 30 06:39:22 2016 [533250][-none-][FATAL] Chiper text must be a string
Fri Dec 30 06:39:22 2016 [533250][1][FATAL] Chiper text must be a string
Fri Dec 30 06:39:22 2016 [533250][1][FATAL] Chiper text must be a string
Fri Dec 30 06:39:22 2016 [533250][1][FATAL] Chiper text must be a string
Fri Dec 30 06:39:22 2016 [533250][1][FATAL] Chiper text must be a string
Fri Dec 30 06:39:32 2016 [533402][-none-][FATAL] Chiper text must be a string
Fri Dec 30 06:39:32 2016 [533402][1][FATAL] Chiper text must be a string
Fri Dec 30 06:39:32 2016 [533402][1][FATAL] Chiper text must be a string
Fri Dec 30 06:39:32 2016 [533402][1][FATAL] Chiper text must be a string
Fri Dec 30 06:39:34 2016 [533431][-none-][FATAL] Chiper text must be a string
Fri Dec 30 06:39:34 2016 [533431][1][FATAL] Chiper text must be a string
Fri Dec 30 06:39:34 2016 [533431][1][FATAL] Chiper text must be a string
Fri Dec 30 06:39:34 2016 [533431][1][FATAL] Chiper text must be a string
Fri Dec 30 06:39:34 2016 [533431][1][FATAL] Chiper text must be a string
Fri Dec 30 06:39:54 2016 [533643][-none-][FATAL] Chiper text must be a string
Fri Dec 30 06:39:54 2016 [533643][1][FATAL] Chiper text must be a string
Fri Dec 30 06:39:54 2016 [533643][1][FATAL] Chiper text must be a string
Fri Dec 30 06:39:55 2016 [533643][1][FATAL] Chiper text must be a string
Fri Dec 30 06:40:00 2016 [533700][-none-][FATAL] Chiper text must be a string
Fri Dec 30 06:40:00 2016 [533700][1][FATAL] Chiper text must be a string
Fri Dec 30 06:40:00 2016 [533700][1][FATAL] Chiper text must be a string
Fri Dec 30 06:40:01 2016 [533700][1][FATAL] Chiper text must be a string
Fri Dec 30 06:40:01 2016 [533700][1][FATAL] Chiper text must be a string
Fri Dec 30 06:40:41 2016 [534292][-none-][FATAL] Chiper text must be a string
Fri Dec 30 06:40:41 2016 [534292][1][FATAL] Chiper text must be a string
Fri Dec 30 06:40:41 2016 [534292][1][FATAL] Chiper text must be a string
Fri Dec 30 06:40:41 2016 [534292][1][FATAL] Chiper text must be a string
Fri Dec 30 06:40:50 2016 [534381][-none-][FATAL] Chiper text must be a string
Fri Dec 30 06:40:50 2016 [534381][1][FATAL] Chiper text must be a string
Fri Dec 30 06:40:50 2016 [534381][1][FATAL] Chiper text must be a string
Fri Dec 30 06:40:50 2016 [534381][1][FATAL] Chiper text must be a string
Fri Dec 30 06:40:51 2016 [534391][-none-][FATAL] Chiper text must be a string
Fri Dec 30 06:40:52 2016 [534391][1][FATAL] Chiper text must be a string
Fri Dec 30 06:40:52 2016 [534391][1][FATAL] Chiper text must be a string
Fri Dec 30 06:40:52 2016 [534391][1][FATAL] Chiper text must be a string
Fri Dec 30 06:40:52 2016 [534391][1][FATAL] Chiper text must be a string
Fri Dec 30 06:49:19 2016 [540353][-none-][FATAL] Chiper text must be a string
Fri Dec 30 06:49:19 2016 [540353][1][FATAL] Chiper text must be a string
Fri Dec 30 06:49:19 2016 [540353][1][FATAL] Chiper text must be a string
Fri Dec 30 06:49:19 2016 [540353][1][FATAL] Chiper text must be a string
Fri Dec 30 06:49:19 2016 [540353][1][FATAL] Chiper text must be a string
Fri Dec 30 06:49:19 2016 [540353][1][FATAL] Chiper text must be a string
Fri Dec 30 06:49:19 2016 [540353][1][FATAL] Chiper text must be a string
Fri Dec 30 06:49:34 2016 [540474][-none-][FATAL] Chiper text must be a string
Fri Dec 30 06:49:34 2016 [540474][1][FATAL] Chiper text must be a string
Fri Dec 30 06:49:34 2016 [540474][1][FATAL] Chiper text must be a string
Fri Dec 30 06:49:34 2016 [540474][1][FATAL] Chiper text must be a string
Fri Dec 30 06:49:34 2016 [540474][1][FATAL] Chiper text must be a string
Fri Dec 30 06:49:34 2016 [540474][1][FATAL] Chiper text must be a string
Fri Dec 30 06:49:34 2016 [540474][1][FATAL] Chiper text must be a string
Fri Dec 30 06:49:34 2016 [540474][1][FATAL] Chiper text must be a string
Fri Dec 30 06:49:52 2016 [540655][-none-][FATAL] Chiper text must be a string
Fri Dec 30 06:49:52 2016 [540655][1][FATAL] Chiper text must be a string
Fri Dec 30 06:49:52 2016 [540655][1][FATAL] Chiper text must be a string
Fri Dec 30 06:49:52 2016 [540655][1][FATAL] Chiper text must be a string
Fri Dec 30 06:49:59 2016 [540726][-none-][FATAL] Chiper text must be a string
Fri Dec 30 06:49:59 2016 [540726][1][FATAL] Chiper text must be a string
Fri Dec 30 06:49:59 2016 [540726][1][FATAL] Chiper text must be a string
Fri Dec 30 06:49:59 2016 [540726][1][FATAL] Chiper text must be a string
Fri Dec 30 06:49:59 2016 [540726][1][FATAL] Chiper text must be a string
Fri Dec 30 06:50:11 2016 [541049][-none-][FATAL] Chiper text must be a string
Fri Dec 30 06:50:11 2016 [541049][1][FATAL] Chiper text must be a string
Fri Dec 30 06:50:13 2016 [541062][-none-][FATAL] Chiper text must be a string
Fri Dec 30 06:50:13 2016 [541062][1][FATAL] Chiper text must be a string
Fri Dec 30 06:50:13 2016 [541062][1][FATAL] Chiper text must be a string
Fri Dec 30 06:50:13 2016 [541062][1][FATAL] Chiper text must be a string
Fri Dec 30 06:50:13 2016 [541062][1][FATAL] Chiper text must be a string
Fri Dec 30 06:50:19 2016 [541121][-none-][FATAL] Chiper text must be a string
Fri Dec 30 06:50:19 2016 [541121][1][FATAL] Chiper text must be a string
Fri Dec 30 06:50:19 2016 [541121][1][FATAL] Chiper text must be a string
Fri Dec 30 06:50:19 2016 [541121][1][FATAL] Chiper text must be a string
Fri Dec 30 06:50:19 2016 [541121][1][FATAL] Chiper text must be a string
Fri Dec 30 06:50:19 2016 [541121][1][FATAL] Chiper text must be a string
Fri Dec 30 06:50:19 2016 [541121][1][FATAL] Chiper text must be a string
Fri Dec 30 06:50:20 2016 [541121][1][FATAL] Chiper text must be a string
Fri Dec 30 06:50:27 2016 [541239][-none-][FATAL] Chiper text must be a string
Fri Dec 30 06:50:27 2016 [541239][1][FATAL] Chiper text must be a string
Fri Dec 30 06:50:27 2016 [541239][1][FATAL] Chiper text must be a string
Fri Dec 30 06:50:27 2016 [541239][1][FATAL] Chiper text must be a string
Fri Dec 30 06:50:27 2016 [541239][1][FATAL] Chiper text must be a string
Fri Dec 30 06:50:27 2016 [541239][1][FATAL] Chiper text must be a string
Fri Dec 30 06:50:27 2016 [541239][1][FATAL] Chiper text must be a string
Fri Dec 30 06:51:17 2016 [541714][-none-][FATAL] Chiper text must be a string
Fri Dec 30 06:51:17 2016 [541714][1][FATAL] Chiper text must be a string
Fri Dec 30 06:51:17 2016 [541714][1][FATAL] Chiper text must be a string
Fri Dec 30 06:51:17 2016 [541714][1][FATAL] Chiper text must be a string
Fri Dec 30 06:51:20 2016 [541749][-none-][FATAL] Chiper text must be a string
Fri Dec 30 06:51:20 2016 [541749][1][FATAL] Chiper text must be a string
Fri Dec 30 06:51:20 2016 [541749][1][FATAL] Chiper text must be a string
Fri Dec 30 06:51:20 2016 [541749][1][FATAL] Chiper text must be a string
Fri Dec 30 06:51:21 2016 [541749][1][FATAL] Chiper text must be a string
Fri Dec 30 06:51:22 2016 [541770][-none-][FATAL] Chiper text must be a string
Fri Dec 30 06:51:22 2016 [541770][1][FATAL] Chiper text must be a string
Fri Dec 30 06:51:30 2016 [541887][-none-][FATAL] Chiper text must be a string
Fri Dec 30 06:51:30 2016 [541887][1][FATAL] Chiper text must be a string
Fri Dec 30 06:51:30 2016 [541887][1][FATAL] Chiper text must be a string
Fri Dec 30 06:51:30 2016 [541887][1][FATAL] Chiper text must be a string
Fri Dec 30 06:51:40 2016 [541967][-none-][FATAL] Chiper text must be a string
Fri Dec 30 06:51:40 2016 [541967][1][FATAL] Chiper text must be a string
Fri Dec 30 06:51:40 2016 [541967][1][FATAL] Chiper text must be a string
Fri Dec 30 06:51:40 2016 [541967][1][FATAL] Chiper text must be a string
Fri Dec 30 06:51:41 2016 [541977][-none-][FATAL] Chiper text must be a string
Fri Dec 30 06:51:41 2016 [541977][1][FATAL] Chiper text must be a string
Fri Dec 30 06:52:11 2016 [542268][-none-][FATAL] Chiper text must be a string
Fri Dec 30 06:52:11 2016 [542268][1][FATAL] Chiper text must be a string
Fri Dec 30 06:52:11 2016 [542268][1][FATAL] Chiper text must be a string
Fri Dec 30 06:52:11 2016 [542268][1][FATAL] Chiper text must be a string
Fri Dec 30 06:53:37 2016 [543093][-none-][FATAL] Chiper text must be a string
Fri Dec 30 06:53:37 2016 [543093][1][FATAL] Chiper text must be a string
Fri Dec 30 06:53:37 2016 [543093][1][FATAL] Chiper text must be a string
Fri Dec 30 06:53:37 2016 [543093][1][FATAL] Chiper text must be a string
Mon Jan  9 07:00:42 2017 [390653][-none-][FATAL] Chiper text must be a string
Mon Jan  9 07:00:43 2017 [390677][-none-][FATAL] Chiper text must be a string
Mon Jan  9 07:00:43 2017 [390677][-none-][FATAL] Chiper text must be a string
Mon Jan  9 07:00:43 2017 [390677][-none-][FATAL] Chiper text must be a string
Mon Jan  9 07:00:43 2017 [390677][-none-][FATAL] Chiper text must be a string
Mon Jan  9 07:00:43 2017 [390677][-none-][FATAL] Chiper text must be a string
Mon Jan  9 07:01:19 2017 [391254][-none-][FATAL] Chiper text must be a string
Mon Jan  9 07:01:19 2017 [391254][-none-][FATAL] Chiper text must be a string
Mon Jan  9 07:01:19 2017 [391254][-none-][FATAL] Chiper text must be a string
Mon Jan  9 07:01:19 2017 [391254][-none-][FATAL] Chiper text must be a string
Mon Jan  9 07:01:19 2017 [391254][-none-][FATAL] SECURITY: User authentication for amir failed
Mon Jan  9 07:01:19 2017 [391254][-none-][FATAL] FAILED LOGIN:attempts[1] - amir
Mon Jan  9 07:01:19 2017 [391271][-none-][FATAL] Chiper text must be a string
Mon Jan  9 07:01:19 2017 [391271][-none-][FATAL] Chiper text must be a string
Mon Jan  9 07:01:19 2017 [391271][-none-][FATAL] Chiper text must be a string
Mon Jan  9 07:01:19 2017 [391271][-none-][FATAL] Chiper text must be a string
Mon Jan  9 07:01:19 2017 [391271][-none-][FATAL] Chiper text must be a string
Mon Jan  9 07:01:53 2017 [391805][-none-][FATAL] Chiper text must be a string
Mon Jan  9 07:01:53 2017 [391805][-none-][FATAL] Chiper text must be a string
Mon Jan  9 07:01:53 2017 [391805][-none-][FATAL] Chiper text must be a string
Mon Jan  9 07:01:53 2017 [391805][-none-][FATAL] Chiper text must be a string
Mon Jan  9 07:01:53 2017 [391805][-none-][FATAL] SECURITY: User authentication for amir failed
Mon Jan  9 07:01:53 2017 [391805][-none-][FATAL] FAILED LOGIN:attempts[2] - amir
Mon Jan  9 07:01:54 2017 [391826][-none-][FATAL] Chiper text must be a string
Mon Jan  9 07:01:54 2017 [391826][-none-][FATAL] Chiper text must be a string
Mon Jan  9 07:01:54 2017 [391826][-none-][FATAL] Chiper text must be a string
Mon Jan  9 07:01:54 2017 [391826][-none-][FATAL] Chiper text must be a string
Mon Jan  9 07:01:54 2017 [391826][-none-][FATAL] Chiper text must be a string
Mon Jan  9 07:02:09 2017 [391982][-none-][FATAL] Chiper text must be a string
Mon Jan  9 07:02:09 2017 [391982][-none-][FATAL] Chiper text must be a string
Mon Jan  9 07:02:09 2017 [391982][-none-][FATAL] Chiper text must be a string
Mon Jan  9 07:02:09 2017 [391982][-none-][FATAL] Chiper text must be a string
Mon Jan  9 07:02:09 2017 [391982][-none-][FATAL] SECURITY: User authentication for admin failed
Mon Jan  9 07:02:09 2017 [391982][-none-][FATAL] FAILED LOGIN:attempts[3] - admin
Mon Jan  9 07:02:10 2017 [391992][-none-][FATAL] Chiper text must be a string
Mon Jan  9 07:02:10 2017 [391992][-none-][FATAL] Chiper text must be a string
Mon Jan  9 07:02:10 2017 [391992][-none-][FATAL] Chiper text must be a string
Mon Jan  9 07:02:10 2017 [391992][-none-][FATAL] Chiper text must be a string
Mon Jan  9 07:02:10 2017 [391992][-none-][FATAL] Chiper text must be a string
Mon Jan  9 07:02:18 2017 [392091][-none-][FATAL] Chiper text must be a string
Mon Jan  9 07:02:18 2017 [392091][-none-][FATAL] Chiper text must be a string
Mon Jan  9 07:02:18 2017 [392091][-none-][FATAL] Chiper text must be a string
Mon Jan  9 07:02:18 2017 [392091][-none-][FATAL] Chiper text must be a string
Mon Jan  9 07:02:18 2017 [392091][-none-][FATAL] SECURITY: User authentication for admin failed
Mon Jan  9 07:02:18 2017 [392091][-none-][FATAL] FAILED LOGIN:attempts[4] - admin
Mon Jan  9 07:02:18 2017 [392106][-none-][FATAL] Chiper text must be a string
Mon Jan  9 07:02:18 2017 [392106][-none-][FATAL] Chiper text must be a string
Mon Jan  9 07:02:18 2017 [392106][-none-][FATAL] Chiper text must be a string
Mon Jan  9 07:02:18 2017 [392106][-none-][FATAL] Chiper text must be a string
Mon Jan  9 07:02:18 2017 [392106][-none-][FATAL] Chiper text must be a string
Mon Jan  9 07:03:29 2017 [393219][-none-][FATAL] Chiper text must be a string
Mon Jan  9 07:03:30 2017 [393219][-none-][FATAL] Chiper text must be a string
Mon Jan  9 07:03:30 2017 [393219][-none-][FATAL] Chiper text must be a string
Mon Jan  9 07:03:30 2017 [393219][-none-][FATAL] Chiper text must be a string
Mon Jan  9 07:03:30 2017 [393219][-none-][FATAL] SECURITY: User authentication for amir failed
Mon Jan  9 07:03:30 2017 [393219][-none-][FATAL] FAILED LOGIN:attempts[5] - amir
Mon Jan  9 07:03:30 2017 [393240][-none-][FATAL] Chiper text must be a string
Mon Jan  9 07:03:30 2017 [393240][-none-][FATAL] Chiper text must be a string
Mon Jan  9 07:03:30 2017 [393240][-none-][FATAL] Chiper text must be a string
Mon Jan  9 07:03:30 2017 [393240][-none-][FATAL] Chiper text must be a string
Mon Jan  9 07:03:30 2017 [393240][-none-][FATAL] Chiper text must be a string
Mon Jan  9 07:03:41 2017 [393374][-none-][FATAL] Chiper text must be a string
Mon Jan  9 07:03:41 2017 [393374][-none-][FATAL] Chiper text must be a string
Mon Jan  9 07:03:41 2017 [393374][-none-][FATAL] Chiper text must be a string
Mon Jan  9 07:03:41 2017 [393374][-none-][FATAL] Chiper text must be a string
Mon Jan  9 07:03:41 2017 [393374][-none-][FATAL] SECURITY: User authentication for amir failed
Mon Jan  9 07:03:41 2017 [393374][-none-][FATAL] FAILED LOGIN:attempts[6] - amir
Mon Jan  9 07:03:42 2017 [393386][-none-][FATAL] Chiper text must be a string
Mon Jan  9 07:03:42 2017 [393386][-none-][FATAL] Chiper text must be a string
Mon Jan  9 07:03:42 2017 [393386][-none-][FATAL] Chiper text must be a string
Mon Jan  9 07:03:42 2017 [393386][-none-][FATAL] Chiper text must be a string
Mon Jan  9 07:03:42 2017 [393386][-none-][FATAL] Chiper text must be a string
Mon Jan  9 07:03:42 2017 [393390][-none-][FATAL] Chiper text must be a string
Mon Jan  9 07:03:42 2017 [393390][-none-][FATAL] Chiper text must be a string
Mon Jan  9 07:03:42 2017 [393390][-none-][FATAL] Chiper text must be a string
Mon Jan  9 07:03:42 2017 [393390][-none-][FATAL] Chiper text must be a string
Mon Jan  9 07:03:42 2017 [393390][-none-][FATAL] SECURITY: User authentication for amir failed
Mon Jan  9 07:03:42 2017 [393390][-none-][FATAL] FAILED LOGIN:attempts[7] - amir
Mon Jan  9 07:03:43 2017 [393400][-none-][FATAL] Chiper text must be a string
Mon Jan  9 07:03:43 2017 [393400][-none-][FATAL] Chiper text must be a string
Mon Jan  9 07:03:43 2017 [393400][-none-][FATAL] Chiper text must be a string
Mon Jan  9 07:03:43 2017 [393400][-none-][FATAL] Chiper text must be a string
Mon Jan  9 07:03:43 2017 [393400][-none-][FATAL] Chiper text must be a string
Mon Jan  9 07:03:54 2017 [393633][-none-][FATAL] Chiper text must be a string
Mon Jan  9 07:03:54 2017 [393633][-none-][FATAL] Chiper text must be a string
Mon Jan  9 07:03:54 2017 [393633][-none-][FATAL] Chiper text must be a string
Mon Jan  9 07:03:54 2017 [393633][-none-][FATAL] Chiper text must be a string
Mon Jan  9 07:03:54 2017 [393633][-none-][FATAL] SECURITY: User authentication for amir failed
Mon Jan  9 07:03:54 2017 [393633][-none-][FATAL] FAILED LOGIN:attempts[8] - amir
Mon Jan  9 07:03:55 2017 [393647][-none-][FATAL] Chiper text must be a string
Mon Jan  9 07:03:55 2017 [393647][-none-][FATAL] Chiper text must be a string
Mon Jan  9 07:03:55 2017 [393647][-none-][FATAL] Chiper text must be a string
Mon Jan  9 07:03:55 2017 [393647][-none-][FATAL] Chiper text must be a string
Mon Jan  9 07:03:55 2017 [393647][-none-][FATAL] Chiper text must be a string
Mon Jan  9 07:04:00 2017 [393738][-none-][FATAL] Chiper text must be a string
Mon Jan  9 07:04:00 2017 [393738][-none-][FATAL] Chiper text must be a string
Mon Jan  9 07:04:00 2017 [393738][-none-][FATAL] Chiper text must be a string
Mon Jan  9 07:04:00 2017 [393738][-none-][FATAL] Chiper text must be a string
Mon Jan  9 07:04:00 2017 [393738][-none-][FATAL] SECURITY: User authentication for amir failed
Mon Jan  9 07:04:00 2017 [393738][-none-][FATAL] FAILED LOGIN:attempts[9] - amir
Mon Jan  9 07:04:01 2017 [393756][-none-][FATAL] Chiper text must be a string
Mon Jan  9 07:04:01 2017 [393756][-none-][FATAL] Chiper text must be a string
Mon Jan  9 07:04:01 2017 [393756][-none-][FATAL] Chiper text must be a string
Mon Jan  9 07:04:01 2017 [393756][-none-][FATAL] Chiper text must be a string
Mon Jan  9 07:04:01 2017 [393756][-none-][FATAL] Chiper text must be a string
Mon Jan  9 07:04:48 2017 [394472][-none-][FATAL] Chiper text must be a string
Mon Jan  9 07:04:48 2017 [394472][-none-][FATAL] Chiper text must be a string
Mon Jan  9 07:04:48 2017 [394472][-none-][FATAL] Chiper text must be a string
Mon Jan  9 07:04:48 2017 [394472][-none-][FATAL] Chiper text must be a string
Mon Jan  9 07:04:48 2017 [394472][-none-][FATAL] SECURITY: User authentication for amir failed
Mon Jan  9 07:04:48 2017 [394472][-none-][FATAL] FAILED LOGIN:attempts[10] - amir
Mon Jan  9 07:04:49 2017 [394492][-none-][FATAL] Chiper text must be a string
Mon Jan  9 07:04:49 2017 [394492][-none-][FATAL] Chiper text must be a string
Mon Jan  9 07:04:49 2017 [394492][-none-][FATAL] Chiper text must be a string
Mon Jan  9 07:04:49 2017 [394492][-none-][FATAL] Chiper text must be a string
Mon Jan  9 07:04:49 2017 [394492][-none-][FATAL] Chiper text must be a string
Mon Jan  9 07:05:10 2017 [394921][-none-][FATAL] Chiper text must be a string
Mon Jan  9 07:05:10 2017 [394935][-none-][FATAL] Chiper text must be a string
Mon Jan  9 07:05:10 2017 [394935][-none-][FATAL] Chiper text must be a string
Mon Jan  9 07:05:10 2017 [394935][-none-][FATAL] Chiper text must be a string
Mon Jan  9 07:05:10 2017 [394935][-none-][FATAL] Chiper text must be a string
Mon Jan  9 07:05:10 2017 [394935][-none-][FATAL] Chiper text must be a string
Mon Jan  9 07:44:04 2017 [432250][-none-][FATAL] Chiper text must be a string
Mon Jan  9 07:44:04 2017 [432250][-none-][FATAL] Chiper text must be a string
Mon Jan  9 07:44:04 2017 [432250][-none-][FATAL] Chiper text must be a string
Mon Jan  9 07:44:04 2017 [432250][-none-][FATAL] Chiper text must be a string
Mon Jan  9 07:44:04 2017 [432250][-none-][FATAL] Chiper text must be a string
Mon Jan  9 07:44:28 2017 [432569][-none-][FATAL] Chiper text must be a string
Mon Jan  9 07:44:28 2017 [432569][-none-][FATAL] Chiper text must be a string
Mon Jan  9 07:44:28 2017 [432569][-none-][FATAL] Chiper text must be a string
Mon Jan  9 07:44:28 2017 [432569][-none-][FATAL] Chiper text must be a string
Mon Jan  9 07:44:28 2017 [432569][-none-][FATAL] SECURITY: User authentication for amir failed
Mon Jan  9 07:44:28 2017 [432569][-none-][FATAL] FAILED LOGIN:attempts[11] - amir
Mon Jan  9 07:44:29 2017 [432580][-none-][FATAL] Chiper text must be a string
Mon Jan  9 07:44:29 2017 [432580][-none-][FATAL] Chiper text must be a string
Mon Jan  9 07:44:29 2017 [432580][-none-][FATAL] Chiper text must be a string
Mon Jan  9 07:44:29 2017 [432580][-none-][FATAL] Chiper text must be a string
Mon Jan  9 07:44:29 2017 [432580][-none-][FATAL] Chiper text must be a string
Mon Jan  9 07:44:43 2017 [432765][-none-][FATAL] Chiper text must be a string
Mon Jan  9 07:44:43 2017 [432765][-none-][FATAL] Chiper text must be a string
Mon Jan  9 07:44:43 2017 [432765][-none-][FATAL] Chiper text must be a string
Mon Jan  9 07:44:43 2017 [432765][-none-][FATAL] Chiper text must be a string
Mon Jan  9 07:44:43 2017 [432765][-none-][FATAL] SECURITY: User authentication for amir failed
Mon Jan  9 07:44:43 2017 [432765][-none-][FATAL] FAILED LOGIN:attempts[12] - amir
Mon Jan  9 07:44:44 2017 [432773][-none-][FATAL] Chiper text must be a string
Mon Jan  9 07:44:44 2017 [432773][-none-][FATAL] Chiper text must be a string
Mon Jan  9 07:44:44 2017 [432773][-none-][FATAL] Chiper text must be a string
Mon Jan  9 07:44:44 2017 [432773][-none-][FATAL] Chiper text must be a string
Mon Jan  9 07:44:44 2017 [432773][-none-][FATAL] Chiper text must be a string
Mon Jan  9 07:44:45 2017 [432792][-none-][FATAL] Chiper text must be a string
Mon Jan  9 07:44:45 2017 [432792][-none-][FATAL] Chiper text must be a string
Mon Jan  9 07:44:45 2017 [432792][-none-][FATAL] Chiper text must be a string
Mon Jan  9 07:44:45 2017 [432792][-none-][FATAL] Chiper text must be a string
Mon Jan  9 07:44:45 2017 [432792][-none-][FATAL] SECURITY: User authentication for amir failed
Mon Jan  9 07:44:45 2017 [432792][-none-][FATAL] FAILED LOGIN:attempts[13] - amir
Mon Jan  9 07:44:45 2017 [432798][-none-][FATAL] Chiper text must be a string
Mon Jan  9 07:44:45 2017 [432798][-none-][FATAL] Chiper text must be a string
Mon Jan  9 07:44:45 2017 [432798][-none-][FATAL] Chiper text must be a string
Mon Jan  9 07:44:45 2017 [432798][-none-][FATAL] Chiper text must be a string
Mon Jan  9 07:44:45 2017 [432798][-none-][FATAL] Chiper text must be a string
Mon Jan  9 07:45:16 2017 [433355][-none-][FATAL] Chiper text must be a string
Mon Jan  9 07:45:16 2017 [433355][-none-][FATAL] Chiper text must be a string
Mon Jan  9 07:45:16 2017 [433355][-none-][FATAL] Chiper text must be a string
Mon Jan  9 07:45:16 2017 [433355][-none-][FATAL] Chiper text must be a string
Mon Jan  9 07:45:18 2017 [433355][-none-][FATAL] SMTP -> ERROR:Password not accepted from server. Code: 535 Reply: 535 Incorrect authentication data
 
Mon Jan  9 07:45:18 2017 [433355][-none-][FATAL] SMTP -> ERROR: RCPT not accepted from server. Code: 550 Reply: 550 Authentication failed
 
Mon Jan  9 07:45:18 2017 [433355][-none-][FATAL] SugarPHPMailer encountered an error: SMTP Error: The following recipients failed: ceo@heavenhotel.com.pk
Mon Jan  9 07:45:31 2017 [433555][-none-][FATAL] Chiper text must be a string
Mon Jan  9 07:45:31 2017 [433555][-none-][FATAL] Chiper text must be a string
Mon Jan  9 07:45:31 2017 [433555][-none-][FATAL] Chiper text must be a string
Mon Jan  9 07:45:31 2017 [433555][-none-][FATAL] Chiper text must be a string
Mon Jan  9 07:45:33 2017 [433555][-none-][FATAL] SMTP -> ERROR:Password not accepted from server. Code: 535 Reply: 535 Incorrect authentication data
 
Mon Jan  9 07:45:33 2017 [433555][-none-][FATAL] SMTP -> ERROR: RCPT not accepted from server. Code: 550 Reply: 550 Authentication failed
 
Mon Jan  9 07:45:33 2017 [433555][-none-][FATAL] SugarPHPMailer encountered an error: SMTP Error: The following recipients failed: ceo@heavenhotel.com.pk
Mon Jan  9 07:47:35 2017 [435687][-none-][FATAL] Chiper text must be a string
Mon Jan  9 07:47:35 2017 [435687][-none-][FATAL] Chiper text must be a string
Mon Jan  9 07:47:35 2017 [435687][-none-][FATAL] Chiper text must be a string
Mon Jan  9 07:47:35 2017 [435687][-none-][FATAL] Chiper text must be a string
Mon Jan  9 07:47:35 2017 [435687][-none-][FATAL] SECURITY: User authentication for amir failed
Mon Jan  9 07:47:35 2017 [435687][-none-][FATAL] FAILED LOGIN:attempts[14] - amir
Mon Jan  9 07:47:36 2017 [435695][-none-][FATAL] Chiper text must be a string
Mon Jan  9 07:47:36 2017 [435695][-none-][FATAL] Chiper text must be a string
Mon Jan  9 07:47:36 2017 [435695][-none-][FATAL] Chiper text must be a string
Mon Jan  9 07:47:36 2017 [435695][-none-][FATAL] Chiper text must be a string
Mon Jan  9 07:47:36 2017 [435695][-none-][FATAL] Chiper text must be a string
Mon Jan  9 07:47:42 2017 [435765][-none-][FATAL] Chiper text must be a string
Mon Jan  9 07:47:42 2017 [435765][-none-][FATAL] Chiper text must be a string
Mon Jan  9 07:47:42 2017 [435765][-none-][FATAL] Chiper text must be a string
Mon Jan  9 07:47:42 2017 [435765][-none-][FATAL] Chiper text must be a string
Mon Jan  9 07:47:42 2017 [435765][-none-][FATAL] SECURITY: User authentication for amir failed
Mon Jan  9 07:47:42 2017 [435765][-none-][FATAL] FAILED LOGIN:attempts[15] - amir
Mon Jan  9 07:47:42 2017 [435781][-none-][FATAL] Chiper text must be a string
Mon Jan  9 07:47:42 2017 [435781][-none-][FATAL] Chiper text must be a string
Mon Jan  9 07:47:42 2017 [435781][-none-][FATAL] Chiper text must be a string
Mon Jan  9 07:47:42 2017 [435781][-none-][FATAL] Chiper text must be a string
Mon Jan  9 07:47:42 2017 [435781][-none-][FATAL] Chiper text must be a string
Mon Jan  9 08:05:58 2017 [500087][-none-][FATAL] Chiper text must be a string
Mon Jan  9 08:05:58 2017 [500087][-none-][FATAL] Chiper text must be a string
Mon Jan  9 08:06:04 2017 [500186][-none-][FATAL] Chiper text must be a string
Mon Jan  9 08:06:04 2017 [500186][-none-][FATAL] Chiper text must be a string
Mon Jan  9 08:06:04 2017 [500186][-none-][FATAL] Chiper text must be a string
Mon Jan  9 08:06:04 2017 [500186][-none-][FATAL] Chiper text must be a string
Mon Jan  9 08:06:07 2017 [500186][-none-][FATAL] SMTP -> ERROR:Password not accepted from server. Code: 535 Reply: 535 Incorrect authentication data
 
Mon Jan  9 08:06:07 2017 [500186][-none-][FATAL] SMTP -> ERROR: RCPT not accepted from server. Code: 550 Reply: 550 Authentication failed
 
Mon Jan  9 08:06:07 2017 [500186][-none-][FATAL] SugarPHPMailer encountered an error: SMTP Error: The following recipients failed: ceo@heavenhotel.com.pk
Mon Jan  9 08:06:15 2017 [500346][-none-][FATAL] Chiper text must be a string
Mon Jan  9 08:06:15 2017 [500346][-none-][FATAL] Chiper text must be a string
Mon Jan  9 08:06:15 2017 [500346][-none-][FATAL] Chiper text must be a string
Mon Jan  9 08:06:15 2017 [500346][-none-][FATAL] Chiper text must be a string
Mon Jan  9 08:06:21 2017 [500346][-none-][FATAL] SMTP -> ERROR:Password not accepted from server. Code: 535 Reply: 535 Incorrect authentication data
 
Mon Jan  9 08:06:21 2017 [500346][-none-][FATAL] SMTP -> ERROR: RCPT not accepted from server. Code: 550 Reply: 550 Authentication failed
 
Mon Jan  9 08:06:21 2017 [500346][-none-][FATAL] SugarPHPMailer encountered an error: SMTP Error: The following recipients failed: ceo@heavenhotel.com.pk
Mon Jan  9 08:06:57 2017 [500919][-none-][FATAL] Chiper text must be a string
Mon Jan  9 08:06:57 2017 [500919][-none-][FATAL] Chiper text must be a string
Mon Jan  9 08:06:57 2017 [500919][-none-][FATAL] Chiper text must be a string
Mon Jan  9 08:06:57 2017 [500919][-none-][FATAL] Chiper text must be a string
Mon Jan  9 08:06:57 2017 [500919][-none-][FATAL] SECURITY: User authentication for amir failed
Mon Jan  9 08:06:57 2017 [500919][-none-][FATAL] FAILED LOGIN:attempts[16] - amir
Mon Jan  9 08:06:58 2017 [500935][-none-][FATAL] Chiper text must be a string
Mon Jan  9 08:06:58 2017 [500935][-none-][FATAL] Chiper text must be a string
Mon Jan  9 08:06:58 2017 [500935][-none-][FATAL] Chiper text must be a string
Mon Jan  9 08:06:58 2017 [500935][-none-][FATAL] Chiper text must be a string
Mon Jan  9 08:06:58 2017 [500935][-none-][FATAL] Chiper text must be a string
Mon Jan  9 08:07:00 2017 [500981][-none-][FATAL] Chiper text must be a string
Mon Jan  9 08:07:00 2017 [500981][-none-][FATAL] Chiper text must be a string
Mon Jan  9 08:07:00 2017 [500981][-none-][FATAL] Chiper text must be a string
Mon Jan  9 08:07:00 2017 [500981][-none-][FATAL] Chiper text must be a string
Mon Jan  9 08:07:00 2017 [500981][-none-][FATAL] SECURITY: User authentication for amir failed
Mon Jan  9 08:07:00 2017 [500981][-none-][FATAL] FAILED LOGIN:attempts[17] - amir
Mon Jan  9 08:07:01 2017 [501016][-none-][FATAL] Chiper text must be a string
Mon Jan  9 08:07:01 2017 [501016][-none-][FATAL] Chiper text must be a string
Mon Jan  9 08:07:01 2017 [501016][-none-][FATAL] Chiper text must be a string
Mon Jan  9 08:07:01 2017 [501016][-none-][FATAL] Chiper text must be a string
Mon Jan  9 08:07:01 2017 [501016][-none-][FATAL] Chiper text must be a string
Mon Jan  9 08:07:19 2017 [501361][-none-][FATAL] Chiper text must be a string
Mon Jan  9 08:07:19 2017 [501361][-none-][FATAL] Chiper text must be a string
Mon Jan  9 08:07:19 2017 [501361][-none-][FATAL] Chiper text must be a string
Mon Jan  9 08:07:19 2017 [501361][-none-][FATAL] Chiper text must be a string
Mon Jan  9 08:07:22 2017 [501361][-none-][FATAL] SMTP -> ERROR:Password not accepted from server. Code: 535 Reply: 535 Incorrect authentication data
 
Mon Jan  9 08:07:22 2017 [501361][-none-][FATAL] SMTP -> ERROR: RCPT not accepted from server. Code: 550 Reply: 550 Authentication failed
 
Mon Jan  9 08:07:22 2017 [501361][-none-][FATAL] SugarPHPMailer encountered an error: SMTP Error: The following recipients failed: ceo@heavenhotel.com.pk
Mon Jan  9 08:07:33 2017 [501588][-none-][FATAL] Chiper text must be a string
Mon Jan  9 08:07:33 2017 [501597][-none-][FATAL] Chiper text must be a string
Mon Jan  9 08:07:33 2017 [501597][-none-][FATAL] Chiper text must be a string
Mon Jan  9 08:07:33 2017 [501597][-none-][FATAL] Chiper text must be a string
Mon Jan  9 08:07:33 2017 [501597][-none-][FATAL] Chiper text must be a string
Mon Jan  9 08:07:33 2017 [501597][-none-][FATAL] Chiper text must be a string
Mon Jan  9 08:07:45 2017 [501749][-none-][FATAL] Chiper text must be a string
Mon Jan  9 08:07:45 2017 [501749][-none-][FATAL] Chiper text must be a string
Mon Jan  9 08:07:45 2017 [501749][-none-][FATAL] Chiper text must be a string
Mon Jan  9 08:07:45 2017 [501749][-none-][FATAL] Chiper text must be a string
Mon Jan  9 08:07:45 2017 [501749][-none-][FATAL] SECURITY: User authentication for amir failed
Mon Jan  9 08:07:45 2017 [501749][-none-][FATAL] FAILED LOGIN:attempts[1] - amir
Mon Jan  9 08:07:46 2017 [501773][-none-][FATAL] Chiper text must be a string
Mon Jan  9 08:07:46 2017 [501773][-none-][FATAL] Chiper text must be a string
Mon Jan  9 08:07:46 2017 [501773][-none-][FATAL] Chiper text must be a string
Mon Jan  9 08:07:46 2017 [501773][-none-][FATAL] Chiper text must be a string
Mon Jan  9 08:07:46 2017 [501773][-none-][FATAL] Chiper text must be a string
Mon Jan  9 08:07:52 2017 [501860][-none-][FATAL] Chiper text must be a string
Mon Jan  9 08:07:52 2017 [501860][-none-][FATAL] Chiper text must be a string
Mon Jan  9 08:07:52 2017 [501860][-none-][FATAL] Chiper text must be a string
Mon Jan  9 08:07:52 2017 [501860][-none-][FATAL] Chiper text must be a string
Mon Jan  9 08:07:52 2017 [501860][-none-][FATAL] SECURITY: User authentication for amir failed
Mon Jan  9 08:07:52 2017 [501860][-none-][FATAL] FAILED LOGIN:attempts[2] - amir
Mon Jan  9 08:07:53 2017 [501881][-none-][FATAL] Chiper text must be a string
Mon Jan  9 08:07:53 2017 [501881][-none-][FATAL] Chiper text must be a string
Mon Jan  9 08:07:53 2017 [501881][-none-][FATAL] Chiper text must be a string
Mon Jan  9 08:07:53 2017 [501881][-none-][FATAL] Chiper text must be a string
Mon Jan  9 08:07:53 2017 [501881][-none-][FATAL] Chiper text must be a string
Mon Jan  9 08:07:57 2017 [501926][-none-][FATAL] Chiper text must be a string
Mon Jan  9 08:07:57 2017 [501926][-none-][FATAL] Chiper text must be a string
Mon Jan  9 08:07:57 2017 [501926][-none-][FATAL] Chiper text must be a string
Mon Jan  9 08:07:57 2017 [501926][-none-][FATAL] Chiper text must be a string
Mon Jan  9 08:07:57 2017 [501926][-none-][FATAL] SECURITY: User authentication for amir failed
Mon Jan  9 08:07:57 2017 [501926][-none-][FATAL] FAILED LOGIN:attempts[3] - amir
Mon Jan  9 08:07:57 2017 [501937][-none-][FATAL] Chiper text must be a string
Mon Jan  9 08:07:57 2017 [501937][-none-][FATAL] Chiper text must be a string
Mon Jan  9 08:07:57 2017 [501937][-none-][FATAL] Chiper text must be a string
Mon Jan  9 08:07:57 2017 [501937][-none-][FATAL] Chiper text must be a string
Mon Jan  9 08:07:57 2017 [501937][-none-][FATAL] Chiper text must be a string
Mon Jan  9 08:08:17 2017 [502233][-none-][FATAL] Chiper text must be a string
Mon Jan  9 08:08:17 2017 [502233][-none-][FATAL] Chiper text must be a string
Mon Jan  9 08:08:17 2017 [502233][-none-][FATAL] Chiper text must be a string
Mon Jan  9 08:08:17 2017 [502233][-none-][FATAL] Chiper text must be a string
Mon Jan  9 08:08:19 2017 [502233][-none-][FATAL] SMTP -> ERROR:Password not accepted from server. Code: 535 Reply: 535 Incorrect authentication data
 
Mon Jan  9 08:08:19 2017 [502233][-none-][FATAL] SMTP -> ERROR: RCPT not accepted from server. Code: 550 Reply: 550 Authentication failed
 
Mon Jan  9 08:08:19 2017 [502233][-none-][FATAL] SugarPHPMailer encountered an error: SMTP Error: The following recipients failed: ceo@heavenhotel.com.pk
Mon Jan  9 12:04:11 2017 [716427][-none-][FATAL] Chiper text must be a string
Mon Jan  9 12:04:11 2017 [716427][-none-][FATAL] Chiper text must be a string
Mon Jan  9 12:04:11 2017 [716427][-none-][FATAL] Chiper text must be a string
Mon Jan  9 12:04:11 2017 [716427][-none-][FATAL] Chiper text must be a string
Mon Jan  9 12:04:11 2017 [716427][-none-][FATAL] Chiper text must be a string
Mon Jan  9 15:06:39 2017 [819584][-none-][FATAL] Chiper text must be a string
Mon Jan  9 15:06:39 2017 [819584][-none-][FATAL] Chiper text must be a string
Mon Jan  9 15:06:39 2017 [819584][-none-][FATAL] Chiper text must be a string
Mon Jan  9 15:06:39 2017 [819584][-none-][FATAL] Chiper text must be a string
Mon Jan  9 15:06:39 2017 [819584][-none-][FATAL] Chiper text must be a string
Mon Jan  9 22:25:22 2017 [1022386][-none-][FATAL] Chiper text must be a string
Mon Jan  9 22:25:23 2017 [1022395][-none-][FATAL] Chiper text must be a string
Mon Jan  9 22:25:23 2017 [1022395][-none-][FATAL] Chiper text must be a string
Mon Jan  9 22:25:23 2017 [1022395][-none-][FATAL] Chiper text must be a string
Mon Jan  9 22:25:23 2017 [1022395][-none-][FATAL] Chiper text must be a string
Mon Jan  9 22:25:23 2017 [1022395][-none-][FATAL] Chiper text must be a string
Mon Jan  9 22:26:00 2017 [1022653][-none-][FATAL] Chiper text must be a string
Mon Jan  9 22:26:00 2017 [1022653][-none-][FATAL] Chiper text must be a string
Mon Jan  9 22:26:34 2017 [1022823][-none-][FATAL] Chiper text must be a string
Mon Jan  9 22:26:34 2017 [1022823][-none-][FATAL] Chiper text must be a string
Mon Jan  9 22:26:34 2017 [1022823][-none-][FATAL] Chiper text must be a string
Mon Jan  9 22:26:34 2017 [1022823][-none-][FATAL] Chiper text must be a string
Mon Jan  9 22:26:34 2017 [1022823][-none-][FATAL] SECURITY: User authentication for amir failed
Mon Jan  9 22:26:34 2017 [1022823][-none-][FATAL] FAILED LOGIN:attempts[1] - amir
Mon Jan  9 22:26:35 2017 [1022834][-none-][FATAL] Chiper text must be a string
Mon Jan  9 22:26:35 2017 [1022834][-none-][FATAL] Chiper text must be a string
Mon Jan  9 22:26:35 2017 [1022834][-none-][FATAL] Chiper text must be a string
Mon Jan  9 22:26:35 2017 [1022834][-none-][FATAL] Chiper text must be a string
Mon Jan  9 22:26:35 2017 [1022834][-none-][FATAL] Chiper text must be a string
Mon Jan  9 22:27:05 2017 [1023068][-none-][FATAL] Chiper text must be a string
Mon Jan  9 22:27:05 2017 [1023068][-none-][FATAL] Chiper text must be a string
Mon Jan  9 22:27:57 2017 [1023387][-none-][FATAL] Chiper text must be a string
Mon Jan  9 22:27:57 2017 [1023387][-none-][FATAL] Chiper text must be a string
Mon Jan  9 22:27:57 2017 [1023387][-none-][FATAL] Chiper text must be a string
Mon Jan  9 22:27:57 2017 [1023387][-none-][FATAL] Chiper text must be a string
Mon Jan  9 22:27:57 2017 [1023387][-none-][FATAL] SECURITY: User authentication for amir failed
Mon Jan  9 22:27:57 2017 [1023387][-none-][FATAL] FAILED LOGIN:attempts[2] - amir
Mon Jan  9 22:27:58 2017 [1023398][-none-][FATAL] Chiper text must be a string
Mon Jan  9 22:27:58 2017 [1023398][-none-][FATAL] Chiper text must be a string
Mon Jan  9 22:27:58 2017 [1023398][-none-][FATAL] Chiper text must be a string
Mon Jan  9 22:27:58 2017 [1023398][-none-][FATAL] Chiper text must be a string
Mon Jan  9 22:27:58 2017 [1023398][-none-][FATAL] Chiper text must be a string
Mon Jan  9 22:28:08 2017 [1023476][-none-][FATAL] Chiper text must be a string
Mon Jan  9 22:28:08 2017 [1023476][-none-][FATAL] Chiper text must be a string
Mon Jan  9 22:28:08 2017 [1023476][-none-][FATAL] Chiper text must be a string
Mon Jan  9 22:28:08 2017 [1023476][-none-][FATAL] Chiper text must be a string
Mon Jan  9 22:28:08 2017 [1023476][-none-][FATAL] SECURITY: User authentication for amir failed
Mon Jan  9 22:28:08 2017 [1023476][-none-][FATAL] FAILED LOGIN:attempts[3] - amir
Mon Jan  9 22:28:08 2017 [1023481][-none-][FATAL] Chiper text must be a string
Mon Jan  9 22:28:08 2017 [1023481][-none-][FATAL] Chiper text must be a string
Mon Jan  9 22:28:08 2017 [1023481][-none-][FATAL] Chiper text must be a string
Mon Jan  9 22:28:08 2017 [1023481][-none-][FATAL] Chiper text must be a string
Mon Jan  9 22:28:08 2017 [1023481][-none-][FATAL] Chiper text must be a string
Mon Jan  9 22:28:30 2017 [1023595][-none-][FATAL] Chiper text must be a string
Mon Jan  9 22:28:30 2017 [1023595][-none-][FATAL] Chiper text must be a string
Mon Jan  9 22:28:30 2017 [1023595][-none-][FATAL] Chiper text must be a string
Mon Jan  9 22:28:30 2017 [1023595][-none-][FATAL] Chiper text must be a string
Mon Jan  9 22:28:30 2017 [1023595][-none-][FATAL] SECURITY: User authentication for amir failed
Mon Jan  9 22:28:30 2017 [1023595][-none-][FATAL] FAILED LOGIN:attempts[4] - amir
Mon Jan  9 22:28:31 2017 [1023599][-none-][FATAL] Chiper text must be a string
Mon Jan  9 22:28:31 2017 [1023599][-none-][FATAL] Chiper text must be a string
Mon Jan  9 22:28:31 2017 [1023599][-none-][FATAL] Chiper text must be a string
Mon Jan  9 22:28:31 2017 [1023599][-none-][FATAL] Chiper text must be a string
Mon Jan  9 22:28:31 2017 [1023599][-none-][FATAL] Chiper text must be a string
Mon Jan  9 22:28:40 2017 [1023647][-none-][FATAL] Chiper text must be a string
Mon Jan  9 22:28:40 2017 [1023647][-none-][FATAL] Chiper text must be a string
Mon Jan  9 22:28:40 2017 [1023647][-none-][FATAL] Chiper text must be a string
Mon Jan  9 22:28:40 2017 [1023647][-none-][FATAL] Chiper text must be a string
Mon Jan  9 22:28:40 2017 [1023647][-none-][FATAL] SECURITY: User authentication for amir failed
Mon Jan  9 22:28:40 2017 [1023647][-none-][FATAL] FAILED LOGIN:attempts[5] - amir
Mon Jan  9 22:28:41 2017 [1023650][-none-][FATAL] Chiper text must be a string
Mon Jan  9 22:28:41 2017 [1023650][-none-][FATAL] Chiper text must be a string
Mon Jan  9 22:28:41 2017 [1023650][-none-][FATAL] Chiper text must be a string
Mon Jan  9 22:28:41 2017 [1023650][-none-][FATAL] Chiper text must be a string
Mon Jan  9 22:28:41 2017 [1023650][-none-][FATAL] Chiper text must be a string
Mon Jan  9 22:29:10 2017 [1023958][-none-][FATAL] Chiper text must be a string
Mon Jan  9 22:29:10 2017 [1023958][-none-][FATAL] Chiper text must be a string
Mon Jan  9 22:30:23 2017 [1024686][-none-][FATAL] Chiper text must be a string
Mon Jan  9 22:30:23 2017 [1024686][-none-][FATAL] Chiper text must be a string
Mon Jan  9 22:30:23 2017 [1024686][-none-][FATAL] Chiper text must be a string
Mon Jan  9 22:30:23 2017 [1024686][-none-][FATAL] Chiper text must be a string
Mon Jan  9 22:30:24 2017 [1024686][-none-][FATAL] SECURITY: User authentication for amir failed
Mon Jan  9 22:30:24 2017 [1024686][-none-][FATAL] FAILED LOGIN:attempts[6] - amir
Mon Jan  9 22:30:24 2017 [1024696][-none-][FATAL] Chiper text must be a string
Mon Jan  9 22:30:24 2017 [1024696][-none-][FATAL] Chiper text must be a string
Mon Jan  9 22:30:24 2017 [1024696][-none-][FATAL] Chiper text must be a string
Mon Jan  9 22:30:24 2017 [1024696][-none-][FATAL] Chiper text must be a string
Mon Jan  9 22:30:24 2017 [1024696][-none-][FATAL] Chiper text must be a string
Tue Jan 10 16:19:16 2017 [763465][-none-][FATAL] Chiper text must be a string
Tue Jan 10 16:19:16 2017 [763465][-none-][FATAL] Chiper text must be a string
Tue Jan 10 16:19:16 2017 [763465][-none-][FATAL] Chiper text must be a string
Tue Jan 10 16:19:16 2017 [763465][-none-][FATAL] Chiper text must be a string
Tue Jan 10 16:19:16 2017 [763465][-none-][FATAL] Chiper text must be a string
Mon May 29 06:30:14 2017 [125437][-none-][FATAL] Chiper text must be a string
Mon May 29 06:30:16 2017 [125483][-none-][FATAL] Chiper text must be a string
Mon May 29 06:30:16 2017 [125483][-none-][FATAL] Chiper text must be a string
Mon May 29 06:30:17 2017 [125483][-none-][FATAL] Chiper text must be a string
Mon May 29 06:30:17 2017 [125483][-none-][FATAL] Chiper text must be a string
Mon May 29 06:30:17 2017 [125483][-none-][FATAL] Chiper text must be a string
Mon May 29 06:30:35 2017 [125687][-none-][FATAL] Chiper text must be a string
Mon May 29 06:30:36 2017 [125700][-none-][FATAL] Chiper text must be a string
Mon May 29 06:30:36 2017 [125700][-none-][FATAL] Chiper text must be a string
Mon May 29 06:30:36 2017 [125700][-none-][FATAL] Chiper text must be a string
Mon May 29 06:30:36 2017 [125700][-none-][FATAL] Chiper text must be a string
Mon May 29 06:30:36 2017 [125700][-none-][FATAL] Chiper text must be a string
Tue May 30 12:57:25 2017 [248877][-none-][FATAL] Chiper text must be a string
Tue May 30 12:57:25 2017 [248861][-none-][FATAL] Chiper text must be a string
Tue May 30 12:57:27 2017 [248888][-none-][FATAL] Chiper text must be a string
Tue May 30 12:57:27 2017 [248888][-none-][FATAL] Chiper text must be a string
Tue May 30 12:57:27 2017 [248888][-none-][FATAL] Chiper text must be a string
Tue May 30 12:57:27 2017 [248888][-none-][FATAL] Chiper text must be a string
Tue May 30 12:57:27 2017 [248888][-none-][FATAL] Chiper text must be a string
Tue May 30 12:58:21 2017 [249546][-none-][FATAL] Chiper text must be a string
Tue May 30 12:58:22 2017 [249576][-none-][FATAL] Chiper text must be a string
Tue May 30 12:58:22 2017 [249576][-none-][FATAL] Chiper text must be a string
Tue May 30 12:58:22 2017 [249576][-none-][FATAL] Chiper text must be a string
Tue May 30 12:58:22 2017 [249576][-none-][FATAL] Chiper text must be a string
Tue May 30 12:58:22 2017 [249576][-none-][FATAL] Chiper text must be a string
Thu Jun  8 13:51:01 2017 [107850][-none-][FATAL] Chiper text must be a string
Thu Jun  8 13:51:02 2017 [107883][-none-][FATAL] Chiper text must be a string
Thu Jun  8 13:51:02 2017 [107883][-none-][FATAL] Chiper text must be a string
Thu Jun  8 13:51:02 2017 [107883][-none-][FATAL] Chiper text must be a string
Thu Jun  8 13:51:02 2017 [107883][-none-][FATAL] Chiper text must be a string
Thu Jun  8 13:51:02 2017 [107883][-none-][FATAL] Chiper text must be a string
Sat Nov 18 09:34:26 2017 [978257][-none-][FATAL] Chiper text must be a string
Sat Nov 18 09:34:27 2017 [978276][-none-][FATAL] Chiper text must be a string
Sat Nov 18 09:34:27 2017 [978276][-none-][FATAL] Chiper text must be a string
Sat Nov 18 09:34:27 2017 [978276][-none-][FATAL] Chiper text must be a string
Sat Nov 18 09:34:27 2017 [978276][-none-][FATAL] Chiper text must be a string
Sat Nov 18 09:34:27 2017 [978276][-none-][FATAL] Chiper text must be a string
Sat Nov 18 09:35:55 2017 [978934][-none-][FATAL] Chiper text must be a string
Sat Nov 18 09:35:55 2017 [978934][-none-][FATAL] Chiper text must be a string
Sat Nov 18 09:35:55 2017 [978934][-none-][FATAL] Chiper text must be a string
Sat Nov 18 09:35:55 2017 [978934][-none-][FATAL] Chiper text must be a string
Sat Nov 18 09:35:55 2017 [978934][-none-][FATAL] SECURITY: User authentication for admin failed
Sat Nov 18 09:35:55 2017 [978934][-none-][FATAL] FAILED LOGIN:attempts[1] - admin
Sat Nov 18 09:35:56 2017 [978936][-none-][FATAL] Chiper text must be a string
Sat Nov 18 09:35:56 2017 [978936][-none-][FATAL] Chiper text must be a string
Sat Nov 18 09:35:56 2017 [978936][-none-][FATAL] Chiper text must be a string
Sat Nov 18 09:35:56 2017 [978936][-none-][FATAL] Chiper text must be a string
Sat Nov 18 09:35:56 2017 [978936][-none-][FATAL] Chiper text must be a string
Sat Nov 18 09:36:01 2017 [978984][-none-][FATAL] Chiper text must be a string
Sat Nov 18 09:36:01 2017 [978984][-none-][FATAL] Chiper text must be a string
Sat Nov 18 09:36:01 2017 [978984][-none-][FATAL] Chiper text must be a string
Sat Nov 18 09:36:01 2017 [978984][-none-][FATAL] Chiper text must be a string
Sat Nov 18 09:36:01 2017 [978984][-none-][FATAL] SECURITY: User authentication for admin failed
Sat Nov 18 09:36:01 2017 [978984][-none-][FATAL] FAILED LOGIN:attempts[2] - admin
Sat Nov 18 09:36:02 2017 [978986][-none-][FATAL] Chiper text must be a string
Sat Nov 18 09:36:02 2017 [978986][-none-][FATAL] Chiper text must be a string
Sat Nov 18 09:36:02 2017 [978986][-none-][FATAL] Chiper text must be a string
Sat Nov 18 09:36:02 2017 [978986][-none-][FATAL] Chiper text must be a string
Sat Nov 18 09:36:02 2017 [978986][-none-][FATAL] Chiper text must be a string
Sat Nov 18 09:36:06 2017 [979007][-none-][FATAL] Chiper text must be a string
Sat Nov 18 09:36:06 2017 [979007][-none-][FATAL] Chiper text must be a string
Sat Nov 18 09:36:06 2017 [979007][-none-][FATAL] Chiper text must be a string
Sat Nov 18 09:36:06 2017 [979007][-none-][FATAL] Chiper text must be a string
Sat Nov 18 09:36:06 2017 [979007][-none-][FATAL] SECURITY: User authentication for admin failed
Sat Nov 18 09:36:06 2017 [979007][-none-][FATAL] FAILED LOGIN:attempts[3] - admin
Sat Nov 18 09:36:06 2017 [979014][-none-][FATAL] Chiper text must be a string
Sat Nov 18 09:36:06 2017 [979014][-none-][FATAL] Chiper text must be a string
Sat Nov 18 09:36:06 2017 [979014][-none-][FATAL] Chiper text must be a string
Sat Nov 18 09:36:06 2017 [979014][-none-][FATAL] Chiper text must be a string
Sat Nov 18 09:36:06 2017 [979014][-none-][FATAL] Chiper text must be a string
Sat Nov 18 09:36:11 2017 [979059][-none-][FATAL] Chiper text must be a string
Sat Nov 18 09:36:11 2017 [979059][-none-][FATAL] Chiper text must be a string
Sat Nov 18 09:36:11 2017 [979059][-none-][FATAL] Chiper text must be a string
Sat Nov 18 09:36:11 2017 [979059][-none-][FATAL] Chiper text must be a string
Sat Nov 18 09:36:11 2017 [979059][-none-][FATAL] Chiper text must be a string
Sat Nov 18 09:37:40 2017 [979719][-none-][FATAL] Chiper text must be a string
Sat Nov 18 09:37:46 2017 [979753][-none-][FATAL] Chiper text must be a string
Sat Nov 18 09:37:46 2017 [979753][-none-][FATAL] Chiper text must be a string
Sat Nov 18 09:37:46 2017 [979753][-none-][FATAL] Chiper text must be a string
Sat Nov 18 09:37:46 2017 [979753][-none-][FATAL] Chiper text must be a string
Sat Nov 18 09:37:46 2017 [979753][-none-][FATAL] Chiper text must be a string
Sat Nov 18 09:38:02 2017 [979879][-none-][FATAL] Chiper text must be a string
Sat Nov 18 09:38:02 2017 [979879][-none-][FATAL] Chiper text must be a string
Sat Nov 18 09:38:02 2017 [979879][-none-][FATAL] Chiper text must be a string
Sat Nov 18 09:38:02 2017 [979879][-none-][FATAL] Chiper text must be a string
Sat Nov 18 09:38:02 2017 [979879][-none-][FATAL] SECURITY: User authentication for amir failed
Sat Nov 18 09:38:02 2017 [979879][-none-][FATAL] FAILED LOGIN:attempts[1] - amir
Sat Nov 18 09:38:03 2017 [979886][-none-][FATAL] Chiper text must be a string
Sat Nov 18 09:38:03 2017 [979886][-none-][FATAL] Chiper text must be a string
Sat Nov 18 09:38:03 2017 [979886][-none-][FATAL] Chiper text must be a string
Sat Nov 18 09:38:03 2017 [979886][-none-][FATAL] Chiper text must be a string
Sat Nov 18 09:38:03 2017 [979886][-none-][FATAL] Chiper text must be a string
Sat Nov 18 09:39:13 2017 [980428][-none-][FATAL] Chiper text must be a string
Sat Nov 18 09:39:13 2017 [980428][-none-][FATAL] Chiper text must be a string
Sat Nov 18 09:39:13 2017 [980428][-none-][FATAL] Chiper text must be a string
Sat Nov 18 09:39:13 2017 [980428][-none-][FATAL] Chiper text must be a string
Sat Nov 18 09:39:15 2017 [980428][-none-][FATAL] SMTP -> ERROR:Password not accepted from server. Code: 535 Reply: 535 Incorrect authentication data
 
Sat Nov 18 09:39:15 2017 [980428][-none-][FATAL] SMTP -> ERROR: RCPT not accepted from server. Code: 550 Reply: 550 Authentication failed
 
Sat Nov 18 09:39:15 2017 [980428][-none-][FATAL] SugarPHPMailer encountered an error: SMTP Error: The following recipients failed: ceo@heavenhotel.com.pk
Sat Nov 18 09:39:24 2017 [980495][-none-][FATAL] Chiper text must be a string
Sat Nov 18 09:39:24 2017 [980495][-none-][FATAL] Chiper text must be a string
Sat Nov 18 09:39:42 2017 [980671][-none-][FATAL] Chiper text must be a string
Sat Nov 18 09:39:42 2017 [980671][-none-][FATAL] Chiper text must be a string
Thu Nov 23 12:07:35 2017 [391509][-none-][FATAL] Chiper text must be a string
Thu Nov 23 12:07:36 2017 [391532][-none-][FATAL] Chiper text must be a string
Thu Nov 23 12:07:36 2017 [391532][-none-][FATAL] Chiper text must be a string
Thu Nov 23 12:07:36 2017 [391532][-none-][FATAL] Chiper text must be a string
Thu Nov 23 12:07:36 2017 [391532][-none-][FATAL] Chiper text must be a string
Thu Nov 23 12:07:36 2017 [391532][-none-][FATAL] Chiper text must be a string
Fri Mar 16 07:39:23 2018 [47395][-none-][FATAL] Chiper text must be a string
Fri Mar 16 07:39:23 2018 [47437][-none-][FATAL] Chiper text must be a string
Fri Mar 16 07:39:23 2018 [47437][-none-][FATAL] Chiper text must be a string
Fri Mar 16 07:39:23 2018 [47437][-none-][FATAL] Chiper text must be a string
Fri Mar 16 07:39:24 2018 [47437][-none-][FATAL] Chiper text must be a string
Fri Mar 16 07:39:24 2018 [47437][-none-][FATAL] Chiper text must be a string
Fri Mar 16 07:40:22 2018 [48240][-none-][FATAL] Chiper text must be a string
Fri Mar 16 07:40:22 2018 [48240][-none-][FATAL] Chiper text must be a string
Fri Mar 16 07:40:22 2018 [48240][-none-][FATAL] Chiper text must be a string
Fri Mar 16 07:40:22 2018 [48240][-none-][FATAL] Chiper text must be a string
Fri Mar 16 07:40:22 2018 [48240][-none-][FATAL] SECURITY: User authentication for admin failed
Fri Mar 16 07:40:22 2018 [48240][-none-][FATAL] FAILED LOGIN:attempts[1] - admin
Fri Mar 16 07:40:22 2018 [48245][-none-][FATAL] Chiper text must be a string
Fri Mar 16 07:40:22 2018 [48245][-none-][FATAL] Chiper text must be a string
Fri Mar 16 07:40:22 2018 [48245][-none-][FATAL] Chiper text must be a string
Fri Mar 16 07:40:22 2018 [48245][-none-][FATAL] Chiper text must be a string
Fri Mar 16 07:40:22 2018 [48245][-none-][FATAL] Chiper text must be a string
Fri Mar 16 07:40:54 2018 [48528][-none-][FATAL] Chiper text must be a string
Fri Mar 16 07:40:54 2018 [48533][-none-][FATAL] Chiper text must be a string
Fri Mar 16 07:40:54 2018 [48533][-none-][FATAL] Chiper text must be a string
Fri Mar 16 07:40:54 2018 [48533][-none-][FATAL] Chiper text must be a string
Fri Mar 16 07:40:54 2018 [48533][-none-][FATAL] Chiper text must be a string
Fri Mar 16 07:40:54 2018 [48533][-none-][FATAL] Chiper text must be a string
Fri Mar 16 07:41:32 2018 [48977][-none-][FATAL] Chiper text must be a string
Fri Mar 16 07:41:32 2018 [48977][-none-][FATAL] Chiper text must be a string
Fri Mar 16 07:41:44 2018 [49108][-none-][FATAL] Chiper text must be a string
Fri Mar 16 07:41:44 2018 [49108][-none-][FATAL] Chiper text must be a string
Fri Mar 16 07:41:44 2018 [49108][-none-][FATAL] Chiper text must be a string
Fri Mar 16 07:41:44 2018 [49108][-none-][FATAL] Chiper text must be a string
Fri Mar 16 07:41:46 2018 [49108][-none-][FATAL] SMTP -> ERROR:Password not accepted from server. Code: 535 Reply: 535 Incorrect authentication data
 
Fri Mar 16 07:41:46 2018 [49108][-none-][FATAL] SMTP -> ERROR: RCPT not accepted from server. Code: 550 Reply: 550 Authentication failed
 
Fri Mar 16 07:41:46 2018 [49108][-none-][FATAL] SugarPHPMailer encountered an error: SMTP Error: The following recipients failed: ceo@heavenhotel.com.pk
